2023-08-06 05:11:27.781973 - Initialized conversion of CBT554
2023-08-06 05:11:28.421995 - Received CBT.V505.FILE554.PDS from FILE554.XMI 
2023-08-06 05:11:28.424093 - Found $$$#DATE.txt (text/plain) in CBT.V505.FILE554.PDS, moved to PDS/$$$#DATE
2023-08-06 05:11:28.425434 - Found $$README.txt (text/plain) in CBT.V505.FILE554.PDS, moved to PDS/$$README
2023-08-06 05:11:28.426320 - Found $CHANGES.txt (text/plain) in CBT.V505.FILE554.PDS, moved to PDS/$CHANGES
2023-08-06 05:11:28.427279 - Found @FILE554.txt (text/plain) in CBT.V505.FILE554.PDS, moved to PDS/@FILE554
2023-08-06 05:11:28.428193 - Found ALLOC.txt (text/plain) in CBT.V505.FILE554.PDS, moved to PDS/ALLOC
2023-08-06 05:11:28.429060 - Found ANCHOR.txt (text/plain) in CBT.V505.FILE554.PDS, moved to PDS/ANCHOR
2023-08-06 05:11:28.430084 - Found ANKPRM.txt (text/plain) in CBT.V505.FILE554.PDS, moved to PDS/ANKPRM
2023-08-06 05:11:28.431098 - Found ASMLKD.txt (text/plain) in CBT.V505.FILE554.PDS, moved to PDS/ASMLKD
2023-08-06 05:11:28.431969 - Found BLDIRB.txt (text/plain) in CBT.V505.FILE554.PDS, moved to PDS/BLDIRB
2023-08-06 05:11:28.432832 - Found CALLPC.txt (text/plain) in CBT.V505.FILE554.PDS, moved to PDS/CALLPC
2023-08-06 05:11:28.433683 - Found CKXTALK.txt (text/plain) in CBT.V505.FILE554.PDS, moved to PDS/CKXTALK
2023-08-06 05:11:28.434640 - Found DSPACE.txt (text/plain) in CBT.V505.FILE554.PDS, moved to PDS/DSPACE
2023-08-06 05:11:28.435505 - Found DSPACE#.txt (text/plain) in CBT.V505.FILE554.PDS, moved to PDS/DSPACE#
2023-08-06 05:11:28.436376 - Found DSPFIND.txt (text/plain) in CBT.V505.FILE554.PDS, moved to PDS/DSPFIND
2023-08-06 05:11:28.437310 - Found DSPFINDO.txt (text/plain) in CBT.V505.FILE554.PDS, moved to PDS/DSPFINDO
2023-08-06 05:11:28.438223 - Found DSPTBLE.txt (text/plain) in CBT.V505.FILE554.PDS, moved to PDS/DSPTBLE
2023-08-06 05:11:28.439105 - Found DSPUT.txt (text/plain) in CBT.V505.FILE554.PDS, moved to PDS/DSPUT
2023-08-06 05:11:28.440013 - Found DYNAL.txt (text/plain) in CBT.V505.FILE554.PDS, moved to PDS/DYNAL
2023-08-06 05:11:28.440865 - Found DYNPRM.txt (text/plain) in CBT.V505.FILE554.PDS, moved to PDS/DYNPRM
2023-08-06 05:11:28.441771 - Found EDEBUG.txt (text/plain) in CBT.V505.FILE554.PDS, moved to PDS/EDEBUG
2023-08-06 05:11:28.442826 - Found EDEBUGC.txt (text/plain) in CBT.V505.FILE554.PDS, moved to PDS/EDEBUGC
2023-08-06 05:11:28.443813 - Found ENDMOD.txt (text/plain) in CBT.V505.FILE554.PDS, moved to PDS/ENDMOD
2023-08-06 05:11:28.444732 - Found EQUATES.txt (text/plain) in CBT.V505.FILE554.PDS, moved to PDS/EQUATES
2023-08-06 05:11:28.445617 - Found ESAMOVE.txt (text/plain) in CBT.V505.FILE554.PDS, moved to PDS/ESAMOVE
2023-08-06 05:11:28.446486 - Found ESAMVPC.txt (text/plain) in CBT.V505.FILE554.PDS, moved to PDS/ESAMVPC
2023-08-06 05:11:28.447358 - Found ESAMVPCO.txt (text/plain) in CBT.V505.FILE554.PDS, moved to PDS/ESAMVPCO
2023-08-06 05:11:28.448239 - Found ESFRAME.txt (text/plain) in CBT.V505.FILE554.PDS, moved to PDS/ESFRAME
2023-08-06 05:11:28.449127 - Found EXEC.txt (text/plain) in CBT.V505.FILE554.PDS, moved to PDS/EXEC
2023-08-06 05:11:28.450040 - Found GETASCB.txt (text/plain) in CBT.V505.FILE554.PDS, moved to PDS/GETASCB
2023-08-06 05:11:28.450924 - Found GETPRM.txt (text/plain) in CBT.V505.FILE554.PDS, moved to PDS/GETPRM
2023-08-06 05:11:28.451807 - Found GET24.txt (text/plain) in CBT.V505.FILE554.PDS, moved to PDS/GET24
2023-08-06 05:11:28.452672 - Found HEXPRT.txt (text/plain) in CBT.V505.FILE554.PDS, moved to PDS/HEXPRT
2023-08-06 05:11:28.453591 - Found HOOKDRV.txt (text/plain) in CBT.V505.FILE554.PDS, moved to PDS/HOOKDRV
2023-08-06 05:11:28.454518 - Found HOOKIN.txt (text/plain) in CBT.V505.FILE554.PDS, moved to PDS/HOOKIN
2023-08-06 05:11:28.455440 - Found HOOKPRE.txt (text/plain) in CBT.V505.FILE554.PDS, moved to PDS/HOOKPRE
2023-08-06 05:11:28.456305 - Found HOOKPRM.txt (text/plain) in CBT.V505.FILE554.PDS, moved to PDS/HOOKPRM
2023-08-06 05:11:28.457231 - Found HOOKSVC.txt (text/plain) in CBT.V505.FILE554.PDS, moved to PDS/HOOKSVC
2023-08-06 05:11:28.458120 - Found INNERMM.txt (text/plain) in CBT.V505.FILE554.PDS, moved to PDS/INNERMM
2023-08-06 05:11:28.459348 - Found IRBRTN.txt (text/plain) in CBT.V505.FILE554.PDS, moved to PDS/IRBRTN
2023-08-06 05:11:28.460294 - Found MFRAME.txt (text/plain) in CBT.V505.FILE554.PDS, moved to PDS/MFRAME
2023-08-06 05:11:28.461295 - Found MODULE.txt (text/plain) in CBT.V505.FILE554.PDS, moved to PDS/MODULE
2023-08-06 05:11:28.462213 - Found NCRYPT.txt (text/plain) in CBT.V505.FILE554.PDS, moved to PDS/NCRYPT
2023-08-06 05:11:28.463121 - Found NSWPRTN.txt (text/plain) in CBT.V505.FILE554.PDS, moved to PDS/NSWPRTN
2023-08-06 05:11:28.464038 - Found PCPERM.txt (text/plain) in CBT.V505.FILE554.PDS, moved to PDS/PCPERM
2023-08-06 05:11:28.464975 - Found PCSERV.txt (text/plain) in CBT.V505.FILE554.PDS, moved to PDS/PCSERV
2023-08-06 05:11:28.465898 - Found PCSET.txt (text/plain) in CBT.V505.FILE554.PDS, moved to PDS/PCSET
2023-08-06 05:11:28.466969 - Found PCSET#.txt (text/plain) in CBT.V505.FILE554.PDS, moved to PDS/PCSET#
2023-08-06 05:11:28.467979 - Found PERCRC.txt (text/plain) in CBT.V505.FILE554.PDS, moved to PDS/PERCRC
2023-08-06 05:11:28.468878 - Found PGMNAME.txt (text/plain) in CBT.V505.FILE554.PDS, moved to PDS/PGMNAME
2023-08-06 05:11:28.469744 - Found PPGNM.txt (text/plain) in CBT.V505.FILE554.PDS, moved to PDS/PPGNM
2023-08-06 05:11:28.470655 - Found PRTMOD.txt (text/plain) in CBT.V505.FILE554.PDS, moved to PDS/PRTMOD
2023-08-06 05:11:28.471542 - Found PUT24.txt (text/plain) in CBT.V505.FILE554.PDS, moved to PDS/PUT24
2023-08-06 05:11:28.472401 - Found REPMOD.txt (text/plain) in CBT.V505.FILE554.PDS, moved to PDS/REPMOD
2023-08-06 05:11:28.473311 - Found SCHDPRM.txt (text/plain) in CBT.V505.FILE554.PDS, moved to PDS/SCHDPRM
2023-08-06 05:11:28.474321 - Found SCHDSRB.txt (text/plain) in CBT.V505.FILE554.PDS, moved to PDS/SCHDSRB
2023-08-06 05:11:28.475298 - Found SENDASM.txt (text/plain) in CBT.V505.FILE554.PDS, moved to PDS/SENDASM
2023-08-06 05:11:28.476221 - Found SENDJCL.txt (text/plain) in CBT.V505.FILE554.PDS, moved to PDS/SENDJCL
2023-08-06 05:11:28.477112 - Found SENDMAC.txt (text/plain) in CBT.V505.FILE554.PDS, moved to PDS/SENDMAC
2023-08-06 05:11:28.478027 - Found SRBPRM.txt (text/plain) in CBT.V505.FILE554.PDS, moved to PDS/SRBPRM
2023-08-06 05:11:28.478918 - Found SUBTSK.txt (text/plain) in CBT.V505.FILE554.PDS, moved to PDS/SUBTSK
2023-08-06 05:11:28.479854 - Found SVCLIST.txt (text/plain) in CBT.V505.FILE554.PDS, moved to PDS/SVCLIST
2023-08-06 05:11:28.480877 - Found SYSIN01B.txt (text/plain) in CBT.V505.FILE554.PDS, moved to PDS/SYSIN01B
2023-08-06 05:11:28.481789 - Found SYSIN01C.txt (text/plain) in CBT.V505.FILE554.PDS, moved to PDS/SYSIN01C
2023-08-06 05:11:28.482737 - Found TSCHD1.txt (text/plain) in CBT.V505.FILE554.PDS, moved to PDS/TSCHD1
2023-08-06 05:11:28.483673 - Found UNANCH.txt (text/plain) in CBT.V505.FILE554.PDS, moved to PDS/UNANCH
2023-08-06 05:11:28.484542 - Found XAFRAME.txt (text/plain) in CBT.V505.FILE554.PDS, moved to PDS/XAFRAME
2023-08-06 05:11:28.485503 - Found XAMOVE.txt (text/plain) in CBT.V505.FILE554.PDS, moved to PDS/XAMOVE
2023-08-06 05:11:28.486447 - Found XASAC.txt (text/plain) in CBT.V505.FILE554.PDS, moved to PDS/XASAC
2023-08-06 05:11:28.487387 - Found XMSESA.txt (text/plain) in CBT.V505.FILE554.PDS, moved to PDS/XMSESA
2023-08-06 05:11:28.488379 - Found XMSXA.txt (text/plain) in CBT.V505.FILE554.PDS, moved to PDS/XMSXA
2023-08-06 05:11:28.489394 - Found XTALK.txt (text/plain) in CBT.V505.FILE554.PDS, moved to PDS/XTALK
2023-08-06 05:11:28.490261 - Found XTOC.txt (text/plain) in CBT.V505.FILE554.PDS, moved to PDS/XTOC
